DEBUG IG: COLLECTORS: GRABBER: DOWNLOAD_FILE: SIZE 0 bytes
DEBUG IG: COLLECTORS: GRABBER: DOWNLOAD_FILE: SIZE 0 bytes
DEBUG IG: COLLECTORS: GRABBER: DOWNLOAD_FILE: SIZE 0 bytes
DEBUG IG: COLLECTORS: GRABBER: DOWNLOAD_FILE: SIZE 0 bytes
DEBUG IG: COLLECTORS: GRABBER: DOWNLOAD_FILE: SIZE 0 bytes
DEBUG IG: COLLECTORS: GRABBER: DOWNLOAD_FILE: SIZE 0 bytes
ERROR IG: No body in http response
ERROR IG: COLLECTORS: GRABBER: DOWNLOAD_FILE: START: FAILED
ERROR IG: No body in http response
ERROR IG: COLLECTORS: GRABBER: DOWNLOAD_FILE: START: FAILED
ERROR IG: No body in http response
ERROR IG: COLLECTORS: GRABBER: DOWNLOAD_FILE: START: FAILED
ERROR IG: No body in http response
ERROR IG: COLLECTORS: GRABBER: DOWNLOAD_FILE: START: FAILED
ERROR IG: No body in http response
ERROR IG: COLLECTORS: GRABBER: DOWNLOAD_FILE: START: FAILED
ERROR IG: No body in http response
ERROR IG: COLLECTORS: GRABBER: DOWNLOAD_FILE: START: FAILED
ERROR IG: No body in http response
ERROR IG: COLLECTORS: GRABBER: DOWNLOAD_FILE: START: FAILED
ERROR IG: No body in http response
ERROR IG: COLLECTORS: GRABBER: DOWNLOAD_FILE: START: FAILED
ERROR IG: can't convert MatchData into String
ERROR IG: COLLECTORS: GRABBER: DOWNLOAD_FILE: START: FAILED
ERROR IG: undefined local variable or method `size' for #<Grabber:0x7fa7c7c0e6c8>
ERROR IG: COLLECTORS: GRABBER: DOWNLOAD_FILE: START: FAILED
ERROR IG: undefined method `location' for #<Net::HTTPFound 302 Moved Temporarily readbody=true>
ERROR IG: COLLECTORS: GRABBER: DOWNLOAD_FILE: START: FAILED
